30 messages loaded from file messagesTCH.txt
5 messages loaded from file messagesSTD.txt
0 Asserts Loaded
User program list:
	Program [programWhichDoesNotExist] with arrival time [0]
	Program [programWithoutSizeAndPrio] with arrival time [0]
	Program [programTooBig] with arrival time [0]
	Program [programWithTooManyInstructions] with arrival time [0]
	Program [programMEMADD] with arrival time [0]
Process [0] created from program [SystemIdleProcess]
ERROR: Program [programWhichDoesNotExist] is not valid [--- it does not exist ---]
ERROR: Program [programWithoutSizeAndPrio] is not valid [--- invalid priority or size ---]
ERROR: Program [programTooBig] is too big
ERROR: Program [programWithTooManyInstructions] is not valid [--- it does not exist ---]
ERROR: Program [programMEMADD] is not valid [--- invalid priority or size ---]
New Tick (1)
{0D 000 000} IRET 0 0 (PC: 3, Accumulator: 0, PSW: 0082 [--------X-----Z-])
New Tick (2)
{04 003 000} TRAP 3 0 (PC: 4, Accumulator: 0, PSW: 0082 [--------X-----Z-])
New Tick (3)
{0C 002 000} OS 2 0 (PC: 242, Accumulator: 0, PSW: 0082 [--------X-----Z-])
New Tick (4)
Process [0 - SystemIdleProcess] has requested to terminate
The system will shut down now...
New Tick (5)
{0D 000 000} IRET 0 0 (PC: 241, Accumulator: 0, PSW: 0082 [--------X-----Z-])
New Tick (6)
{0B 000 000} HALT 0 0 (PC: 241, Accumulator: 0, PSW: 0083 [--------X-----ZS])
END of the simulation
